<?xml version="1.0" encoding="UTF-8"?>
<!-- Generated by org.testng.reporters.JUnitXMLReporter -->
<testsuite ignored="0" hostname="DESKTOP-M1DRLA4" failures="0" tests="4" name="Default test" time="4.484" errors="0" timestamp="02 Apr 2023 06:23:49 GMT">
  <testcase classname="C" name="test01" time="2.814"/>
  <testcase classname="C" name="test02" time="0.663"/>
  <testcase classname="C" name="test03" time="0.511"/>
  <testcase classname="C" name="test04" time="0.408"/>
</testsuite> <!-- Default test -->
