<?xml version="1.0" encoding="UTF-8"?>
<testng-results ignored="0" total="4" passed="4" failed="0" skipped="0">
  <reporter-output>
  </reporter-output>
  <suite started-at="2023-04-02T06:23:45Z" name="Default suite" finished-at="2023-04-02T06:23:49Z" duration-ms="4484">
    <groups>
    </groups>
    <test started-at="2023-04-02T06:23:45Z" name="Default test" finished-at="2023-04-02T06:23:49Z" duration-ms="4484">
      <class name="C">
        <test-method signature="test01()[pri:0, instance:C@1672fe87]" started-at="2023-04-02T06:23:45Z" name="test01" finished-at="2023-04-02T06:23:48Z" duration-ms="2814" status="PASS">
          <reporter-output>
          </reporter-output>
        </test-method> <!-- test01 -->
        <test-method signature="test02()[pri:0, instance:C@1672fe87]" started-at="2023-04-02T06:23:48Z" name="test02" finished-at="2023-04-02T06:23:48Z" duration-ms="663" status="PASS">
          <reporter-output>
          </reporter-output>
        </test-method> <!-- test02 -->
        <test-method signature="test03()[pri:0, instance:C@1672fe87]" started-at="2023-04-02T06:23:48Z" name="test03" finished-at="2023-04-02T06:23:49Z" duration-ms="511" status="PASS">
          <reporter-output>
          </reporter-output>
        </test-method> <!-- test03 -->
        <test-method signature="test04()[pri:0, instance:C@1672fe87]" started-at="2023-04-02T06:23:49Z" name="test04" finished-at="2023-04-02T06:23:49Z" duration-ms="408" status="PASS">
          <reporter-output>
          </reporter-output>
        </test-method> <!-- test04 -->
      </class> <!-- C -->
    </test> <!-- Default test -->
  </suite> <!-- Default suite -->
</testng-results>
